<?xml version="1.0" encoding="UTF-8"?>
<!-- Generated by org.testng.reporters.JUnitReportReporter -->
<testsuite hostname="DESKTOP-DVKNM19" failures="0" tests="13" name="com.RankingCoach.LogInCreateAccMethods.createAccountandCompleteOnboarding" time="24.147" errors="1" timestamp="14 Jun 2018 10:28:59 GMT" skipped="12">
  <testcase classname="com.RankingCoach.LogInCreateAccMethods.createAccountandCompleteOnboarding" name="CompleteDomainDetails" time="0.000">
    <skipped/>
  </testcase> <!-- CompleteDomainDetails -->
  <testcase classname="com.RankingCoach.LogInCreateAccMethods.createAccountandCompleteOnboarding" name="SelectBusinessSectors" time="0.000">
    <skipped/>
  </testcase> <!-- SelectBusinessSectors -->
  <testcase classname="com.RankingCoach.LogInCreateAccMethods.createAccountandCompleteOnboarding" name="SelectYourPlatform" time="0.000">
    <skipped/>
  </testcase> <!-- SelectYourPlatform -->
  <testcase classname="com.RankingCoach.LogInCreateAccMethods.createAccountandCompleteOnboarding" name="VeirifyAnalysisPage" time="0.000">
    <skipped/>
  </testcase> <!-- VeirifyAnalysisPage -->
  <testcase classname="com.RankingCoach.LogInCreateAccMethods.createAccountandCompleteOnboarding" name="Customerslocation" time="0.000">
    <skipped/>
  </testcase> <!-- Customerslocation -->
  <testcase classname="com.RankingCoach.LogInCreateAccMethods.createAccountandCompleteOnboarding" name="VerifyIfYourLocalDirectories" time="0.000">
    <skipped/>
  </testcase> <!-- VerifyIfYourLocalDirectories -->
  <testcase classname="com.RankingCoach.LogInCreateAccMethods.createAccountandCompleteOnboarding" name="CreateNewAccountDE" time="24.147">
    <error message="no such element: Unable to locate element: {&quot;method&quot;:&quot;css selector&quot;,&quot;selector&quot;:&quot;#change_email_text&quot;}
  (Session info: chrome=67.0.3396.87)
  (Driver info: chromedriver=2.35.528161 (5b82f2d2aae0ca24b877009200ced9065a772e73),platform=Windows NT 10.0.17134 x86_64) (WARNING: The server did not provide any stacktrace information)
Command duration or timeout: 0 milliseconds
For documentation on this error, please visit: http://seleniumhq.org/exceptions/no_such_element.html
Build info: version: &#039;3.6.0&#039;, revision: &#039;6fbf3ec767&#039;, time: &#039;2017-09-27T15:28:36.4Z&#039;
System info: host: &#039;DESKTOP-DVKNM19&#039;, ip: &#039;192.168.1.136&#039;, os.name: &#039;Windows 10&#039;, os.arch: &#039;amd64&#039;, os.version: &#039;10.0&#039;, java.version: &#039;9.0.4&#039;
Driver info: org.openqa.selenium.chrome.ChromeDriver
Capabilities [{mobileEmulationEnabled=false, hasTouchScreen=false, platform=XP, acceptSslCerts=false, acceptInsecureCerts=false, webStorageEnabled=true, browserName=chrome, takesScreenshot=true, javascriptEnabled=true, platformName=XP, setWindowRect=true, unexpectedAlertBehaviour=, applicationCacheEnabled=false, rotatable=false, networkConnectionEnabled=false, chrome={chromedriverVersion=2.35.528161 (5b82f2d2aae0ca24b877009200ced9065a772e73), userDataDir=C:\Users\Bogdan\AppData\Local\Temp\scoped_dir10352_25408}, takesHeapSnapshot=true, pageLoadStrategy=normal, unhandledPromptBehavior=, databaseEnabled=false, handlesAlerts=true, version=67.0.3396.87, browserConnectionEnabled=false, nativeEvents=true, locationContextEnabled=true, cssSelectorsEnabled=true}]
Session ID: 9efd2370aec36593ec455310c57ed5cb
*** Element info: {Using=css selector, value=#change_email_text}" type="org.openqa.selenium.NoSuchElementException">
      <![CDATA[org.openqa.selenium.NoSuchElementException: no such element: Unable to locate element: {"method":"css selector","selector":"#change_email_text"}
  (Session info: chrome=67.0.3396.87)
  (Driver info: chromedriver=2.35.528161 (5b82f2d2aae0ca24b877009200ced9065a772e73),platform=Windows NT 10.0.17134 x86_64) (WARNING: The server did not provide any stacktrace information)
Command duration or timeout: 0 milliseconds
For documentation on this error, please visit: http://seleniumhq.org/exceptions/no_such_element.html
Build info: version: '3.6.0', revision: '6fbf3ec767', time: '2017-09-27T15:28:36.4Z'
System info: host: 'DESKTOP-DVKNM19', ip: '192.168.1.136', os.name: 'Windows 10', os.arch: 'amd64', os.version: '10.0', java.version: '9.0.4'
Driver info: org.openqa.selenium.chrome.ChromeDriver
Capabilities [{mobileEmulationEnabled=false, hasTouchScreen=false, platform=XP, acceptSslCerts=false, acceptInsecureCerts=false, webStorageEnabled=true, browserName=chrome, takesScreenshot=true, javascriptEnabled=true, platformName=XP, setWindowRect=true, unexpectedAlertBehaviour=, applicationCacheEnabled=false, rotatable=false, networkConnectionEnabled=false, chrome={chromedriverVersion=2.35.528161 (5b82f2d2aae0ca24b877009200ced9065a772e73), userDataDir=C:\Users\Bogdan\AppData\Local\Temp\scoped_dir10352_25408}, takesHeapSnapshot=true, pageLoadStrategy=normal, unhandledPromptBehavior=, databaseEnabled=false, handlesAlerts=true, version=67.0.3396.87, browserConnectionEnabled=false, nativeEvents=true, locationContextEnabled=true, cssSelectorsEnabled=true}]
Session ID: 9efd2370aec36593ec455310c57ed5cb
*** Element info: {Using=css selector, value=#change_email_text}
	at java.base/jdk.internal.reflect.NativeConstructorAccessorImpl.newInstance0(Native Method)
	at java.base/jdk.internal.reflect.NativeConstructorAccessorImpl.newInstance(NativeConstructorAccessorImpl.java:62)
	at java.base/jdk.internal.reflect.DelegatingConstructorAccessorImpl.newInstance(DelegatingConstructorAccessorImpl.java:45)
	at java.base/java.lang.reflect.Constructor.newInstance(Constructor.java:488)
	at org.openqa.selenium.remote.ErrorHandler.createThrowable(ErrorHandler.java:214)
	at org.openqa.selenium.remote.ErrorHandler.throwIfResponseFailed(ErrorHandler.java:166)
	at org.openqa.selenium.remote.http.JsonHttpResponseCodec.reconstructValue(JsonHttpResponseCodec.java:40)
	at org.openqa.selenium.remote.http.AbstractHttpResponseCodec.decode(AbstractHttpResponseCodec.java:82)
	at org.openqa.selenium.remote.http.AbstractHttpResponseCodec.decode(AbstractHttpResponseCodec.java:45)
	at org.openqa.selenium.remote.HttpCommandExecutor.execute(HttpCommandExecutor.java:164)
	at org.openqa.selenium.remote.service.DriverCommandExecutor.execute(DriverCommandExecutor.java:83)
	at org.openqa.selenium.remote.RemoteWebDriver.execute(RemoteWebDriver.java:586)
	at org.openqa.selenium.remote.RemoteWebDriver.findElement(RemoteWebDriver.java:356)
	at org.openqa.selenium.remote.RemoteWebDriver.findElementByCssSelector(RemoteWebDriver.java:450)
	at org.openqa.selenium.By$ByCssSelector.findElement(By.java:430)
	at org.openqa.selenium.remote.RemoteWebDriver.findElement(RemoteWebDriver.java:348)
	at pageObjects.business_listingObj.confirmText(business_listingObj.java:173)
	at com.RankingCoach.LogInCreateAccMethods.createAccountandCompleteOnboarding.CreateNewAccountDE(createAccountandCompleteOnboarding.java:59)
	at java.base/jdk.internal.reflect.NativeMethodAccessorImpl.invoke0(Native Method)
	at java.base/jdk.internal.reflect.NativeMethodAccessorImpl.invoke(NativeMethodAccessorImpl.java:62)
	at java.base/jdk.internal.reflect.DelegatingMethodAccessorImpl.invoke(DelegatingMethodAccessorImpl.java:43)
	at java.base/java.lang.reflect.Method.invoke(Method.java:564)
	at org.testng.internal.MethodInvocationHelper.invokeMethod(MethodInvocationHelper.java:108)
	at org.testng.internal.Invoker.invokeMethod(Invoker.java:661)
	at org.testng.internal.Invoker.invokeTestMethod(Invoker.java:869)
	at org.testng.internal.Invoker.invokeTestMethods(Invoker.java:1193)
	at org.testng.internal.TestMethodWorker.invokeTestMethods(TestMethodWorker.java:126)
	at org.testng.internal.TestMethodWorker.run(TestMethodWorker.java:109)
	at org.testng.TestRunner.privateRun(TestRunner.java:744)
	at org.testng.TestRunner.run(TestRunner.java:602)
	at org.testng.SuiteRunner.runTest(SuiteRunner.java:380)
	at org.testng.SuiteRunner.runSequentially(SuiteRunner.java:375)
	at org.testng.SuiteRunner.privateRun(SuiteRunner.java:340)
	at org.testng.SuiteRunner.run(SuiteRunner.java:289)
	at org.testng.SuiteRunnerWorker.runSuite(SuiteRunnerWorker.java:52)
	at org.testng.SuiteRunnerWorker.run(SuiteRunnerWorker.java:86)
	at org.testng.TestNG.runSuitesSequentially(TestNG.java:1301)
	at org.testng.TestNG.runSuitesLocally(TestNG.java:1226)
	at org.testng.TestNG.runSuites(TestNG.java:1144)
	at org.testng.TestNG.run(TestNG.java:1115)
	at org.testng.remote.AbstractRemoteTestNG.run(AbstractRemoteTestNG.java:114)
	at org.testng.remote.RemoteTestNG.initAndRun(RemoteTestNG.java:251)
	at org.testng.remote.RemoteTestNG.main(RemoteTestNG.java:77)
]]>
    </error>
  </testcase> <!-- CreateNewAccountDE -->
  <testcase classname="com.RankingCoach.LogInCreateAccMethods.createAccountandCompleteOnboarding" name="SelectYourKeywords" time="0.000">
    <skipped/>
  </testcase> <!-- SelectYourKeywords -->
  <testcase classname="com.RankingCoach.LogInCreateAccMethods.createAccountandCompleteOnboarding" name="SelectCompetitors" time="0.000">
    <skipped/>
  </testcase> <!-- SelectCompetitors -->
  <testcase classname="com.RankingCoach.LogInCreateAccMethods.createAccountandCompleteOnboarding" name="VerifyYourKeywords" time="0.000">
    <skipped/>
  </testcase> <!-- VerifyYourKeywords -->
  <testcase classname="com.RankingCoach.LogInCreateAccMethods.createAccountandCompleteOnboarding" name="UpgradeSubscriptionTo360" time="0.000">
    <skipped/>
  </testcase> <!-- UpgradeSubscriptionTo360 -->
  <testcase classname="com.RankingCoach.LogInCreateAccMethods.createAccountandCompleteOnboarding" name="AddNewDomain" time="0.000">
    <skipped/>
  </testcase> <!-- AddNewDomain -->
  <testcase classname="com.RankingCoach.LogInCreateAccMethods.createAccountandCompleteOnboarding" name="TypeYourKeyWords" time="0.000">
    <skipped/>
  </testcase> <!-- TypeYourKeyWords -->
</testsuite> <!-- com.RankingCoach.LogInCreateAccMethods.createAccountandCompleteOnboarding -->
